c:\users\idema\documents\poly\bity2\roguelike-game-heatherjayne\rougelike\checkpoint\x64\debug\checkpoint.myform.resources
c:\users\idema\documents\poly\bity2\roguelike-game-heatherjayne\rougelike\checkpoint\x64\debug\vc141.pdb
c:\users\idema\documents\poly\bity2\roguelike-game-heatherjayne\rougelike\checkpoint\x64\debug\worldcontroller.obj
c:\users\idema\documents\poly\bity2\roguelike-game-heatherjayne\rougelike\checkpoint\x64\debug\tileviewport.obj
c:\users\idema\documents\poly\bity2\roguelike-game-heatherjayne\rougelike\checkpoint\x64\debug\tilemap.obj
c:\users\idema\documents\poly\bity2\roguelike-game-heatherjayne\rougelike\checkpoint\x64\debug\tilelist.obj
c:\users\idema\documents\poly\bity2\roguelike-game-heatherjayne\rougelike\checkpoint\x64\debug\tile.obj
c:\users\idema\documents\poly\bity2\roguelike-game-heatherjayne\rougelike\checkpoint\x64\debug\spritelist.obj
c:\users\idema\documents\poly\bity2\roguelike-game-heatherjayne\rougelike\checkpoint\x64\debug\sprite.obj
c:\users\idema\documents\poly\bity2\roguelike-game-heatherjayne\rougelike\checkpoint\x64\debug\room.obj
c:\users\idema\documents\poly\bity2\roguelike-game-heatherjayne\rougelike\checkpoint\x64\debug\playersprite.obj
c:\users\idema\documents\poly\bity2\roguelike-game-heatherjayne\rougelike\checkpoint\x64\debug\myform.obj
c:\users\idema\documents\poly\bity2\roguelike-game-heatherjayne\rougelike\checkpoint\x64\debug\enemysprite.obj
c:\users\idema\documents\poly\bity2\roguelike-game-heatherjayne\rougelike\checkpoint\x64\debug\dungeon.obj
c:\users\idema\documents\poly\bity2\roguelike-game-heatherjayne\rougelike\checkpoint\x64\debug\.netframework,version=v4.6.1.assemblyattributes.obj
c:\users\idema\documents\poly\bity2\roguelike-game-heatherjayne\rougelike\checkpoint\x64\debug\.netframework,version=v4.6.1.assemblyattributes.asm
c:\users\idema\documents\poly\bity2\roguelike-game-heatherjayne\rougelike\x64\debug\checkpoint.exe
c:\users\idema\documents\poly\bity2\roguelike-game-heatherjayne\rougelike\x64\debug\checkpoint.pdb
c:\users\idema\documents\poly\bity2\roguelike-game-heatherjayne\rougelike\checkpoint\x64\debug\checkpoint.vcxproj.generateresource.cache
c:\users\idema\documents\poly\bity2\roguelike-game-heatherjayne\rougelike\checkpoint\x64\debug\checkpoint.vcxprojassemblyreference.cache
c:\users\idema\documents\poly\bity2\roguelike-game-heatherjayne\rougelike\checkpoint\x64\debug\checkpoint.vcxprojresolveassemblyreference.cache
c:\users\idema\documents\poly\bity2\roguelike-game-heatherjayne\rougelike\checkpoint\x64\debug\checkpoint.tlog\checkpoint.write.1u.tlog
c:\users\idema\documents\poly\bity2\roguelike-game-heatherjayne\rougelike\checkpoint\x64\debug\checkpoint.tlog\cl.command.1.tlog
c:\users\idema\documents\poly\bity2\roguelike-game-heatherjayne\rougelike\checkpoint\x64\debug\checkpoint.tlog\cl.read.1.tlog
c:\users\idema\documents\poly\bity2\roguelike-game-heatherjayne\rougelike\checkpoint\x64\debug\checkpoint.tlog\cl.write.1.tlog
c:\users\idema\documents\poly\bity2\roguelike-game-heatherjayne\rougelike\checkpoint\x64\debug\checkpoint.tlog\link.command.1.tlog
c:\users\idema\documents\poly\bity2\roguelike-game-heatherjayne\rougelike\checkpoint\x64\debug\checkpoint.tlog\link.read.1.tlog
c:\users\idema\documents\poly\bity2\roguelike-game-heatherjayne\rougelike\checkpoint\x64\debug\checkpoint.tlog\link.write.1.tlog
c:\users\idema\documents\poly\bity2\roguelike-game-heatherjayne\rougelike\checkpoint\x64\debug\checkpoint.tlog\metagen.read.1.tlog
c:\users\idema\documents\poly\bity2\roguelike-game-heatherjayne\rougelike\checkpoint\x64\debug\checkpoint.tlog\metagen.write.1.tlog
c:\users\idema\documents\poly\bity2\roguelike-game-heatherjayne\rougelike\checkpoint\x64\debug\checkpoint.tlog\tzres.dll.bi
